<?xml version="1.0" encoding="UTF-8"?>
<robot generator="Robot 7.0.1 (Python 3.12.4 on win32)" generated="2024-07-09T17:57:31.375212" rpa="false" schemaversion="5">
<suite id="s1" name="Abrir" source="C:\Users\pedroca\Documents\GitHub\Automacao-Hero-Wars\Testes\Abrir.robot">
<test id="s1-t1" name="Abrir o site do Hero Wars" line="15">
<kw name="Open Browser" owner="SeleniumLibrary">
<msg time="2024-07-09T17:57:31.617226" level="INFO">Opening browser 'Chrome' to base url 'https://www.hero-wars.com'.</msg>
<arg>https://www.hero-wars.com</arg>
<arg>browser=${BROWSER}</arg>
<arg>options=${CHROME_OPT}</arg>
<doc>Opens a new browser instance to the optional ``url``.</doc>
<status status="PASS" start="2024-07-09T17:57:31.617226" elapsed="3.347010"/>
</kw>
<status status="PASS" start="2024-07-09T17:57:31.616194" elapsed="3.348042"/>
</test>
<status status="PASS" start="2024-07-09T17:57:31.376210" elapsed="3.590021"/>
</suite>
<statistics>
<total>
<stat pass="1" fail="0" skip="0">All Tests</stat>
</total>
<tag>
</tag>
<suite>
<stat pass="1" fail="0" skip="0" id="s1" name="Abrir">Abrir</stat>
</suite>
</statistics>
<errors>
</errors>
</robot>
